C:\USERS\JOHN\DOCUMENTS\VISUAL STUDIO 2012\PROJECTS\BINARYSEARCHTREE\BINARYSEARCHTREE\DEBUG\BINARYNODETREE.OBJ
C:\USERS\JOHN\DOCUMENTS\VISUAL STUDIO 2012\PROJECTS\BINARYSEARCHTREE\BINARYSEARCHTREE\DEBUG\BINARYSEARCHTREE.OBJ
C:\USERS\JOHN\DOCUMENTS\VISUAL STUDIO 2012\PROJECTS\BINARYSEARCHTREE\BINARYSEARCHTREE\DEBUG\MAIN.OBJ
C:\USERS\JOHN\DOCUMENTS\VISUAL STUDIO 2012\PROJECTS\BINARYSEARCHTREE\BINARYSEARCHTREE\DEBUG\VC110.PDB
C:\USERS\JOHN\DOCUMENTS\VISUAL STUDIO 2012\PROJECTS\BINARYSEARCHTREE\DEBUG\BINARYSEARCHTREE.ILK
C:\USERS\JOHN\DOCUMENTS\VISUAL STUDIO 2012\PROJECTS\BINARYSEARCHTREE\DEBUG\BINARYSEARCHTREE.EXE
C:\USERS\JOHN\DOCUMENTS\VISUAL STUDIO 2012\PROJECTS\BINARYSEARCHTREE\DEBUG\BINARYSEARCHTREE.PDB
C:\Users\John\Documents\Visual Studio 2012\Projects\BinarySearchTree\BinarySearchTree\Debug\BinaryNodeTree.obj
C:\Users\John\Documents\Visual Studio 2012\Projects\BinarySearchTree\BinarySearchTree\Debug\BinarySearchTree.obj
C:\Users\John\Documents\Visual Studio 2012\Projects\BinarySearchTree\BinarySearchTree\Debug\main.obj
C:\Users\John\Documents\Visual Studio 2012\Projects\BinarySearchTree\BinarySearchTree\Debug\cl.command.1.tlog
C:\Users\John\Documents\Visual Studio 2012\Projects\BinarySearchTree\BinarySearchTree\Debug\CL.read.1.tlog
C:\Users\John\Documents\Visual Studio 2012\Projects\BinarySearchTree\BinarySearchTree\Debug\CL.write.1.tlog
C:\Users\John\Documents\Visual Studio 2012\Projects\BinarySearchTree\BinarySearchTree\Debug\link-cvtres.read.1.tlog
C:\Users\John\Documents\Visual Studio 2012\Projects\BinarySearchTree\BinarySearchTree\Debug\link-cvtres.write.1.tlog
C:\Users\John\Documents\Visual Studio 2012\Projects\BinarySearchTree\BinarySearchTree\Debug\link-rc.read.1.tlog
C:\Users\John\Documents\Visual Studio 2012\Projects\BinarySearchTree\BinarySearchTree\Debug\link-rc.write.1.tlog
C:\Users\John\Documents\Visual Studio 2012\Projects\BinarySearchTree\BinarySearchTree\Debug\link.7424-cvtres.read.1.tlog
C:\Users\John\Documents\Visual Studio 2012\Projects\BinarySearchTree\BinarySearchTree\Debug\link.7424-cvtres.write.1.tlog
C:\Users\John\Documents\Visual Studio 2012\Projects\BinarySearchTree\BinarySearchTree\Debug\link.7424-rc.read.1.tlog
C:\Users\John\Documents\Visual Studio 2012\Projects\BinarySearchTree\BinarySearchTree\Debug\link.7424-rc.write.1.tlog
C:\Users\John\Documents\Visual Studio 2012\Projects\BinarySearchTree\BinarySearchTree\Debug\link.7424.read.1.tlog
C:\Users\John\Documents\Visual Studio 2012\Projects\BinarySearchTree\BinarySearchTree\Debug\link.7424.write.1.tlog
C:\Users\John\Documents\Visual Studio 2012\Projects\BinarySearchTree\BinarySearchTree\Debug\link.8540-cvtres.read.1.tlog
C:\Users\John\Documents\Visual Studio 2012\Projects\BinarySearchTree\BinarySearchTree\Debug\link.8540-cvtres.write.1.tlog
C:\Users\John\Documents\Visual Studio 2012\Projects\BinarySearchTree\BinarySearchTree\Debug\link.8540-rc.read.1.tlog
C:\Users\John\Documents\Visual Studio 2012\Projects\BinarySearchTree\BinarySearchTree\Debug\link.8540-rc.write.1.tlog
C:\Users\John\Documents\Visual Studio 2012\Projects\BinarySearchTree\BinarySearchTree\Debug\link.8540.read.1.tlog
C:\Users\John\Documents\Visual Studio 2012\Projects\BinarySearchTree\BinarySearchTree\Debug\link.8540.write.1.tlog
C:\Users\John\Documents\Visual Studio 2012\Projects\BinarySearchTree\BinarySearchTree\Debug\link.command.1.tlog
C:\Users\John\Documents\Visual Studio 2012\Projects\BinarySearchTree\BinarySearchTree\Debug\link.read.1.tlog
C:\Users\John\Documents\Visual Studio 2012\Projects\BinarySearchTree\BinarySearchTree\Debug\link.write.1.tlog
C:\Users\John\Documents\Visual Studio 2012\Projects\BinarySearchTree\BinarySearchTree\Debug\vc110.idb
C:\Users\John\Documents\Visual Studio 2012\Projects\BinarySearchTree\BinarySearchTree\Debug\vc110.pdb
C:\Users\John\Documents\Visual Studio 2012\Projects\BinarySearchTree\Debug\BinarySearchTree.pdb
C:\Users\John\Documents\Visual Studio 2012\Projects\BinarySearchTree\Debug\BinarySearchTree.exe
C:\Users\John\Documents\Visual Studio 2012\Projects\BinarySearchTree\Debug\BinarySearchTree.ilk
